{
  "RSpec": {
    "coverage": {
      "/Users/Smitha/turing/mod3/projects/sweater_weather/app/controllers/api/v1/forecast_controller.rb": [
        1,
        1,
        1,
        1,
        null,
        1,
        null,
        1,
        1,
        1,
        1,
        null,
        null
      ],
      "/Users/Smitha/turing/mod3/projects/sweater_weather/app/controllers/application_controller.rb": [
        1,
        null
      ],
      "/Users/Smitha/turing/mod3/projects/sweater_weather/app/facades/location_facade.rb": [
        1,
        1,
        1,
        2,
        2,
        null,
        null,
        1,
        4,
        4,
        null,
        null,
        1,
        null,
        1,
        4,
        null,
        null
      ],
      "/Users/Smitha/turing/mod3/projects/sweater_weather/app/services/geocode_service.rb": [
        1,
        1,
        null,
        1,
        4,
        4,
        4,
        null,
        null,
        null
      ],
      "/Users/Smitha/turing/mod3/projects/sweater_weather/app/facades/forecast_facade.rb": [
        1,
        1,
        1,
        1,
        null,
        null,
        1,
        1,
        1,
        null,
        null,
        1,
        1,
        null,
        null
      ],
      "/Users/Smitha/turing/mod3/projects/sweater_weather/app/services/dark_sky_service.rb": [
        1,
        1,
        null,
        1,
        1,
        null,
        null
      ]
    },
    "timestamp": 1572834358
  }
}
